<?xml version="1.0" encoding="UTF-8"?>
<testng-results ignored="0" total="1" passed="1" failed="0" skipped="0">
  <reporter-output>
  </reporter-output>
  <suite started-at="2023-06-03T17:48:34 IST" name="Default suite" finished-at="2023-06-03T17:48:34 IST" duration-ms="55">
    <groups>
    </groups>
    <test started-at="2023-06-03T17:48:34 IST" name="Default test" finished-at="2023-06-03T17:48:34 IST" duration-ms="55">
      <class name="Selenium.Selenium.Car_loan">
        <test-method signature="car_loan()[pri:0, instance:Selenium.Selenium.Car_loan@3972a855]" started-at="2023-06-03T17:48:34 IST" name="car_loan" finished-at="2023-06-03T17:48:34 IST" duration-ms="7" status="PASS">
          <reporter-output>
          </reporter-output>
        </test-method> <!-- car_loan -->
      </class> <!-- Selenium.Selenium.Car_loan -->
    </test> <!-- Default test -->
  </suite> <!-- Default suite -->
</testng-results>
